<?xml version="1.0" encoding="UTF-8"?>
<!-- Generated by org.testng.reporters.JUnitReportReporter -->
<testsuite hostname="LAPTOP-T7P6J0PU" failures="0" tests="1" name="com.selenium.testcases.LoginTest" time="21.351" errors="0" timestamp="2022-07-27T12:38:05 IST" skipped="0">
  <testcase classname="com.selenium.testcases.LoginTest" name="loginTest" time="21.351"/>
  <system-out/>
</testsuite> <!-- com.selenium.testcases.LoginTest -->
